<?xml version="1.0" encoding="UTF-8"?>
<!-- Generated by org.testng.reporters.JUnitReportReporter -->
<testsuite hostname="DESKTOP-G4F1SD9" failures="0" tests="1" name="practise_tasks.automationpractise" time="42.750" errors="0" timestamp="2025-08-03T17:50:44 IST" skipped="0">
  <testcase classname="practise_tasks.automationpractise" name="practise" time="42.750">
    <system-out>
      <![CDATA[Item 3]]>
    </system-out>
  </testcase> <!-- practise -->
  <system-out>
    <![CDATA[Item 3]]>
  </system-out>
</testsuite> <!-- practise_tasks.automationpractise -->
