<?xml version="1.0" encoding="UTF-8"?>
<!-- Generated by org.testng.reporters.JUnitReportReporter -->
<testsuite hostname="DESKTOP-G4F1SD9" failures="0" tests="3" name="DataProvider.Create_Datapro_Test" time="0.098" errors="0" timestamp="2025-08-23T12:09:03 IST" skipped="0">
  <testcase classname="DataProvider.Create_Datapro_Test" name="demo_test" time="0.020"/>
  <testcase classname="DataProvider.Create_Datapro_Test" name="demo_test" time="0.059"/>
  <testcase classname="DataProvider.Create_Datapro_Test" name="demo_test" time="0.019"/>
</testsuite> <!-- DataProvider.Create_Datapro_Test -->
