<?xml version="1.0" encoding="UTF-8"?>
<!-- Generated by org.testng.reporters.JUnitReportReporter -->
<testsuite hostname="DESKTOP-G4F1SD9" failures="0" tests="3" name="TestNG_practise.Create_Datapro_Test" time="0.136" errors="0" timestamp="2025-08-13T16:57:32 IST" skipped="0">
  <testcase classname="TestNG_practise.Create_Datapro_Test" name="demo_test" time="0.032"/>
  <testcase classname="TestNG_practise.Create_Datapro_Test" name="demo_test" time="0.088"/>
  <testcase classname="TestNG_practise.Create_Datapro_Test" name="demo_test" time="0.016"/>
</testsuite> <!-- TestNG_practise.Create_Datapro_Test -->
