<?xml version="1.0" encoding="UTF-8"?>
<!-- Generated by org.testng.reporters.JUnitReportReporter -->
<testsuite hostname="DESKTOP-G4F1SD9" failures="0" tests="1" name="TestNG_practise.demotest" time="44.682" errors="0" timestamp="2025-08-19T15:32:29 IST" skipped="0">
  <testcase classname="TestNG_practise.demotest" name="contactlastnametest" time="44.682">
    <system-out>
      <![CDATA[Lastname is match]]>
    </system-out>
  </testcase> <!-- contactlastnametest -->
  <system-out>
    <![CDATA[Lastname is match]]>
  </system-out>
</testsuite> <!-- TestNG_practise.demotest -->
