<?xml version="1.0" encoding="UTF-8"?>
<!-- Generated by org.testng.reporters.JUnitReportReporter -->
<testsuite hostname="DESKTOP-G4F1SD9" failures="0" tests="1" name="practise_tasks.cliniquex" time="102.920" errors="0" timestamp="2025-08-03T18:21:29 IST" skipped="0">
  <testcase classname="practise_tasks.cliniquex" name="xpath" time="102.920"/>
</testsuite> <!-- practise_tasks.cliniquex -->
