<?xml version="1.0" encoding="UTF-8"?>
<!-- Generated by org.testng.reporters.JUnitReportReporter -->
<testsuite hostname="DESKTOP-G4F1SD9" failures="0" tests="1" name="practise_tasks.firetest" time="25.637" errors="0" timestamp="2025-08-18T16:35:56 IST" skipped="0">
  <testcase classname="practise_tasks.firetest" name="test" time="25.637"/>
</testsuite> <!-- practise_tasks.firetest -->
