<?xml version="1.0" encoding="UTF-8"?>
<!-- Generated by org.testng.reporters.JUnitReportReporter -->
<testsuite hostname="DESKTOP-G4F1SD9" failures="0" tests="1" name="TestNG_practise.contactbase" time="67.904" errors="0" timestamp="2025-08-18T15:38:14 IST" skipped="0">
  <testcase classname="TestNG_practise.contactbase" name="contactlastname" time="67.904">
    <system-out>
      <![CDATA[Lastname is match]]>
    </system-out>
  </testcase> <!-- contactlastname -->
  <system-out>
    <![CDATA[Lastname is match]]>
  </system-out>
</testsuite> <!-- TestNG_practise.contactbase -->
