<?xml version="1.0" encoding="UTF-8"?>
<!-- Generated by org.testng.reporters.JUnitReportReporter -->
<testsuite hostname="DESKTOP-G4F1SD9" failures="0" tests="1" name="DataDriven.jdbcconditiontest" time="2.647" errors="0" timestamp="2025-08-06T15:10:53 IST" skipped="0">
  <testcase classname="DataDriven.jdbcconditiontest" name="condition" time="2.647"/>
</testsuite> <!-- DataDriven.jdbcconditiontest -->
