<?xml version="1.0" encoding="UTF-8"?>
<!-- Generated by org.testng.reporters.JUnitReportReporter -->
<testsuite hostname="DESKTOP-G4F1SD9" failures="0" tests="1" name="practise_task_using_genericutility.VT_010_test" time="82.571" errors="0" timestamp="2025-08-18T12:50:24 IST" skipped="0">
  <testcase classname="practise_task_using_genericutility.VT_010_test" name="tc10" time="82.571">
    <system-out>
      <![CDATA[Checkbox is Selected]]>
    </system-out>
  </testcase> <!-- tc10 -->
  <system-out>
    <![CDATA[Checkbox is Selected
2025-08-18 Startdate is match
2025-09-17 EndDate is match]]>
  </system-out>
</testsuite> <!-- practise_task_using_genericutility.VT_010_test -->
