<?xml version="1.0" encoding="UTF-8"?>
<!-- Generated by org.testng.reporters.JUnitReportReporter -->
<testsuite hostname="DESKTOP-G4F1SD9" failures="0" tests="1" name="DataDriven.jdbcselectTest" time="10.083" errors="0" timestamp="2025-08-06T17:03:38 IST" skipped="0">
  <testcase classname="DataDriven.jdbcselectTest" name="jdbc" time="10.083"/>
</testsuite> <!-- DataDriven.jdbcselectTest -->
