<?xml version="1.0" encoding="UTF-8"?>
<!-- Generated by org.testng.reporters.JUnitReportReporter -->
<testsuite hostname="DESKTOP-G4F1SD9" failures="0" tests="1" name="ExtentReport.implementationofreport" time="4.317" errors="0" timestamp="2025-08-19T12:01:11 IST" skipped="0">
  <testcase classname="ExtentReport.implementationofreport" name="createtest" time="4.317"/>
</testsuite> <!-- ExtentReport.implementationofreport -->
