<?xml version="1.0" encoding="UTF-8"?>
<!-- Generated by org.testng.reporters.JUnitReportReporter -->
<testsuite hostname="DESKTOP-G4F1SD9" failures="0" tests="4" name="TestNG_practise.Create_datapro2_test" time="304.967" errors="0" timestamp="2025-08-13T17:06:36 IST" skipped="0">
  <testcase classname="TestNG_practise.Create_datapro2_test" name="getproductinfo" time="66.166">
    <system-out>
      <![CDATA[₹69,999]]>
    </system-out>
  </testcase> <!-- getproductinfo -->
  <testcase classname="TestNG_practise.Create_datapro2_test" name="getproductinfo" time="70.458">
    <system-out>
      <![CDATA[₹64,900]]>
    </system-out>
  </testcase> <!-- getproductinfo -->
  <testcase classname="TestNG_practise.Create_datapro2_test" name="getproductinfo" time="109.166">
    <system-out>
      <![CDATA[₹52,990]]>
    </system-out>
  </testcase> <!-- getproductinfo -->
  <testcase classname="TestNG_practise.Create_datapro2_test" name="getproductinfo" time="59.177">
    <system-out>
      <![CDATA[₹69,999]]>
    </system-out>
  </testcase> <!-- getproductinfo -->
  <system-out>
    <![CDATA[₹69,999
₹69,999
₹64,900
₹52,990]]>
  </system-out>
</testsuite> <!-- TestNG_practise.Create_datapro2_test -->
