<?xml version="1.0" encoding="UTF-8"?>
<!-- Generated by org.testng.reporters.JUnitReportReporter -->
<testsuite hostname="DESKTOP-G4F1SD9" failures="0" tests="1" name="DataDriven.basedoncondition" time="3.378" errors="0" timestamp="2025-08-04T22:34:27 IST" skipped="0">
  <testcase classname="DataDriven.basedoncondition" name="condition" time="3.378"/>
</testsuite> <!-- DataDriven.basedoncondition -->
