<?xml version="1.0" encoding="UTF-8"?>
<!-- Generated by org.testng.reporters.JUnitReportReporter -->
<testsuite hostname="DESKTOP-G4F1SD9" failures="0" tests="1" name="DataDriven.jdbcnonselect" time="1.149" errors="0" timestamp="2025-08-06T14:38:41 IST" skipped="0">
  <testcase classname="DataDriven.jdbcnonselect" name="nonselect" time="1.149"/>
</testsuite> <!-- DataDriven.jdbcnonselect -->
