<?xml version="1.0" encoding="UTF-8"?>
<!-- Generated by org.testng.reporters.JUnitReportReporter -->
<testsuite hostname="DESKTOP-G4F1SD9" failures="0" tests="1" name="DataDriven.excel" time="69.228" errors="0" timestamp="2025-08-04T21:53:58 IST" skipped="0">
  <testcase classname="DataDriven.excel" name="xlsx" time="69.228"/>
</testsuite> <!-- DataDriven.excel -->
