<?xml version="1.0" encoding="UTF-8"?>
<!-- Generated by org.testng.reporters.JUnitReportReporter -->
<testsuite hostname="DESKTOP-G4F1SD9" failures="0" tests="1" name="ExtentReport.contactbasetest" time="49.140" errors="0" timestamp="2025-08-19T15:56:35 IST" skipped="0">
  <testcase classname="ExtentReport.contactbasetest" name="contactlastnametest" time="49.140">
    <system-out>
      <![CDATA[Lastname is match]]>
    </system-out>
  </testcase> <!-- contactlastnametest -->
  <system-out>
    <![CDATA[Lastname is match
Lastname is match]]>
  </system-out>
</testsuite> <!-- ExtentReport.contactbasetest -->
