<?xml version="1.0" encoding="UTF-8"?>
<!-- Generated by org.testng.reporters.JUnitReportReporter -->
<testsuite hostname="DESKTOP-G4F1SD9" failures="0" tests="1" name="TestNG_practise.Baseclassusestest" time="63.016" errors="0" timestamp="2025-08-19T15:24:44 IST" skipped="0">
  <testcase classname="TestNG_practise.Baseclassusestest" name="openorg" time="63.016">
    <system-out>
      <![CDATA[Header name is  match
orgname is match]]>
    </system-out>
  </testcase> <!-- openorg -->
  <system-out>
    <![CDATA[Header name is  match
orgname is match
Lastname is match]]>
  </system-out>
</testsuite> <!-- TestNG_practise.Baseclassusestest -->
