<?xml version="1.0" encoding="UTF-8"?>
<!-- Generated by org.testng.reporters.JUnitReportReporter -->
<testsuite hostname="DESKTOP-G4F1SD9" failures="0" tests="1" name="DataDriven.alldata" time="28.863" errors="0" timestamp="2025-08-04T22:07:11 IST" skipped="0">
  <testcase classname="DataDriven.alldata" name="data" time="28.863"/>
</testsuite> <!-- DataDriven.alldata -->
