<?xml version="1.0" encoding="UTF-8"?>
<!-- Generated by org.testng.reporters.JUnitReportReporter -->
<testsuite hostname="DESKTOP-G4F1SD9" failures="0" tests="1" name="DataDriven.propertyfile" time="149.480" errors="0" timestamp="2025-08-04T21:30:57 IST" skipped="0">
  <testcase classname="DataDriven.propertyfile" name="prop" time="149.480"/>
</testsuite> <!-- DataDriven.propertyfile -->
