<?xml version="1.0" encoding="UTF-8"?>
<!-- Generated by org.testng.reporters.JUnitReportReporter -->
<testsuite hostname="DESKTOP-G4F1SD9" failures="0" tests="3" name="DataProvider.practisedataprovider_test" time="0.090" errors="0" timestamp="2025-08-23T12:30:04 IST" skipped="0">
  <testcase classname="DataProvider.practisedataprovider_test" name="testscript" time="0.014"/>
  <testcase classname="DataProvider.practisedataprovider_test" name="testscript" time="0.017"/>
  <testcase classname="DataProvider.practisedataprovider_test" name="testscript" time="0.059"/>
</testsuite> <!-- DataProvider.practisedataprovider_test -->
