<?xml version="1.0" encoding="UTF-8"?>
<!-- Generated by org.testng.reporters.JUnitReportReporter -->
<testsuite hostname="DESKTOP-G4F1SD9" failures="0" tests="1" name="DataDriven.xmltest" time="72.433" errors="0" timestamp="2025-08-08T07:28:15 IST" skipped="0">
  <testcase classname="DataDriven.xmltest" name="xmldata" time="72.433"/>
</testsuite> <!-- DataDriven.xmltest -->
