<?xml version="1.0" encoding="UTF-8"?>
<!-- Generated by org.testng.reporters.JUnitReportReporter -->
<testsuite hostname="DESKTOP-G4F1SD9" failures="0" tests="1" name="practise_tasks.ninzaHRM" time="19.034" errors="0" timestamp="2025-08-06T15:05:12 IST" skipped="0">
  <testcase classname="practise_tasks.ninzaHRM" name="hrm" time="19.034"/>
</testsuite> <!-- practise_tasks.ninzaHRM -->
