<?xml version="1.0" encoding="UTF-8"?>
<!-- Generated by org.testng.reporters.JUnitReportReporter -->
<testsuite hostname="DESKTOP-G4F1SD9" failures="0" tests="1" name="practise_tasks.demo" time="45.448" errors="0" timestamp="2025-08-02T12:46:23 IST" skipped="0">
  <testcase classname="practise_tasks.demo" name="demo" time="45.448"/>
</testsuite> <!-- practise_tasks.demo -->
