<?xml version="1.0" encoding="UTF-8"?>
<!-- Generated by org.testng.reporters.JUnitReportReporter -->
<testsuite hostname="DESKTOP-G4F1SD9" failures="0" tests="1" name="practise_tasks.clinique" time="26.866" errors="0" timestamp="2025-08-03T21:16:00 IST" skipped="0">
  <testcase classname="practise_tasks.clinique" name="skincare" time="26.866"/>
</testsuite> <!-- practise_tasks.clinique -->
