<?xml version="1.0" encoding="UTF-8"?>
<!-- Generated by org.testng.reporters.JUnitReportReporter -->
<testsuite hostname="DESKTOP-G4F1SD9" failures="0" tests="1" name="DataDriven.writedata" time="4.275" errors="0" timestamp="2025-08-05T15:43:17 IST" skipped="0">
  <testcase classname="DataDriven.writedata" name="write" time="4.275"/>
</testsuite> <!-- DataDriven.writedata -->
