<?xml version="1.0" encoding="UTF-8"?>
<!-- Generated by org.testng.reporters.JUnitReportReporter -->
<testsuite hostname="DESKTOP-G4F1SD9" failures="0" tests="1" name="TestNG_practise.base1test" time="66.373" errors="0" timestamp="2025-08-25T15:02:46 IST" skipped="0">
  <testcase classname="TestNG_practise.base1test" name="openorg" time="66.373">
    <system-out>
      <![CDATA[Header name is  match
orgname is match]]>
    </system-out>
  </testcase> <!-- openorg -->
  <system-out>
    <![CDATA[Header name is  match
orgname is match]]>
  </system-out>
</testsuite> <!-- TestNG_practise.base1test -->
