<?xml version="1.0" encoding="UTF-8"?>
<!-- Generated by org.testng.reporters.JUnitReportReporter -->
<testsuite hostname="DESKTOP-G4F1SD9" failures="0" tests="1" name="practise_task_using_genericutility.VT_008_test" time="156.495" errors="0" timestamp="2025-08-18T12:50:24 IST" skipped="0">
  <testcase classname="practise_task_using_genericutility.VT_008_test" name="tc8" time="156.495">
    <system-out>
      <![CDATA[2025-08-18 Startdate is match
2025-09-17 EndDate is match]]>
    </system-out>
  </testcase> <!-- tc8 -->
  <system-out>
    <![CDATA[Checkbox is Selected
2025-08-18 Startdate is match
2025-09-17 EndDate is match]]>
  </system-out>
</testsuite> <!-- practise_task_using_genericutility.VT_008_test -->
