<?xml version="1.0" encoding="UTF-8"?>
<!-- Generated by org.testng.reporters.JUnitReportReporter -->
<testsuite hostname="DESKTOP-G4F1SD9" failures="0" tests="1" name="practise_task_using_genericutility.VT_004_test" time="68.247" errors="0" timestamp="2025-08-11T16:35:28 IST" skipped="0">
  <testcase classname="practise_task_using_genericutility.VT_004_test" name="tc4" time="68.247"/>
  <system-out>
    <![CDATA[Siccode is match
Checkbox is Selected
2025-08-11 Startdate is match
2025-09-10 EndDate is match
orgname is match
Facebook_207 orgname is match
Email is match
Industry is match
Lastname is match]]>
  </system-out>
</testsuite> <!-- practise_task_using_genericutility.VT_004_test -->
