<?xml version="1.0" encoding="UTF-8"?>
<!-- Generated by org.testng.reporters.JUnitReportReporter -->
<testsuite hostname="DESKTOP-G4F1SD9" failures="0" tests="1" name="practise_tasks.demoqspider" time="17.950" errors="0" timestamp="2025-08-02T14:12:02 IST" skipped="0">
  <testcase classname="practise_tasks.demoqspider" name="test" time="17.950"/>
</testsuite> <!-- practise_tasks.demoqspider -->
