<?xml version="1.0" encoding="UTF-8"?>
<!-- Generated by org.testng.reporters.JUnitReportReporter -->
<testsuite hostname="DESKTOP-G4F1SD9" failures="0" tests="1" name="DataDriven.json" time="68.301" errors="0" timestamp="2025-08-05T10:59:05 IST" skipped="0">
  <testcase classname="DataDriven.json" name="js" time="68.301"/>
</testsuite> <!-- DataDriven.json -->
